2016-12-22 12:01:42.853  INFO 3316 --- [main] com.hsbclogger.HsbcloggingApplication    : Starting HsbcloggingApplication on MNGNET342487D with PID 3316 (C:\Users\amrutha.p02\Downloads\hsbclogging\hsbclogging\target\classes started by amrutha.p02 in C:\Users\amrutha.p02\Downloads\hsbclogging\hsbclogging)
2016-12-22 12:01:42.853  INFO 3316 --- [main] com.hsbclogger.HsbcloggingApplication    : No active profile set, falling back to default profiles: default
2016-12-22 12:01:42.951  INFO 3316 --- [main] ationConfigEmbeddedWebApplicationContext : Refreshing org.springframework.boot.context.embedded.AnnotationConfigEmbeddedWebApplicationContext@4fabc8: startup date [Thu Dec 22 12:01:42 IST 2016]; root of context hierarchy
2016-12-22 12:01:44.152  INFO 3316 --- [main] s.b.c.e.t.TomcatEmbeddedServletContainer : Tomcat initialized with port(s): 8080 (http)
2016-12-22 12:01:44.152  INFO 3316 --- [main] o.apache.catalina.core.StandardService   : Starting service Tomcat
2016-12-22 12:01:44.152  INFO 3316 --- [main] org.apache.catalina.core.StandardEngine  : Starting Servlet Engine: Apache Tomcat/8.5.6
2016-12-22 12:01:44.247  INFO 3316 --- [localhost-startStop-1] o.a.c.c.C.[Tomcat].[localhost].[/]       : Initializing Spring embedded WebApplicationContext
2016-12-22 12:01:44.247  INFO 3316 --- [localhost-startStop-1] o.s.web.context.ContextLoader            : Root WebApplicationContext: initialization completed in 1296 ms
2016-12-22 12:01:44.403  INFO 3316 --- [localhost-startStop-1] o.s.b.w.servlet.ServletRegistrationBean  : Mapping servlet: 'dispatcherServlet' to [/]
2016-12-22 12:01:44.403  INFO 3316 --- [localhost-startStop-1] o.s.b.w.servlet.FilterRegistrationBean   : Mapping filter: 'characterEncodingFilter' to: [/*]
2016-12-22 12:01:44.403  INFO 3316 --- [localhost-startStop-1] o.s.b.w.servlet.FilterRegistrationBean   : Mapping filter: 'hiddenHttpMethodFilter' to: [/*]
2016-12-22 12:01:44.403  INFO 3316 --- [localhost-startStop-1] o.s.b.w.servlet.FilterRegistrationBean   : Mapping filter: 'httpPutFormContentFilter' to: [/*]
2016-12-22 12:01:44.403  INFO 3316 --- [localhost-startStop-1] o.s.b.w.servlet.FilterRegistrationBean   : Mapping filter: 'requestContextFilter' to: [/*]
2016-12-22 12:01:44.715  INFO 3316 --- [main] s.w.s.m.m.a.RequestMappingHandlerAdapter : Looking for @ControllerAdvice: org.springframework.boot.context.embedded.AnnotationConfigEmbeddedWebApplicationContext@4fabc8: startup date [Thu Dec 22 12:01:42 IST 2016]; root of context hierarchy
2016-12-22 12:01:44.777  INFO 3316 --- [main] s.w.s.m.m.a.RequestMappingHandlerMapping : Mapped "{[],methods=[GET]}" onto public java.lang.String com.logger.controller.LoggerController.sayHello()
2016-12-22 12:01:44.777  INFO 3316 --- [main] s.w.s.m.m.a.RequestMappingHandlerMapping : Mapped "{[/error]}" onto public org.springframework.http.ResponseEntity<java.util.Map<java.lang.String, java.lang.Object>> org.springframework.boot.autoconfigure.web.BasicErrorController.error(javax.servlet.http.HttpServletRequest)
2016-12-22 12:01:44.777  INFO 3316 --- [main] s.w.s.m.m.a.RequestMappingHandlerMapping : Mapped "{[/error],produces=[text/html]}" onto public org.springframework.web.servlet.ModelAndView org.springframework.boot.autoconfigure.web.BasicErrorController.errorHtml(javax.servlet.http.HttpServletRequest,javax.servlet.http.HttpServletResponse)
2016-12-22 12:01:44.809  INFO 3316 --- [main] o.s.w.s.handler.SimpleUrlHandlerMapping  : Mapped URL path [/webjars/**] onto handler of type [class org.springframework.web.servlet.resource.ResourceHttpRequestHandler]
2016-12-22 12:01:44.809  INFO 3316 --- [main] o.s.w.s.handler.SimpleUrlHandlerMapping  : Mapped URL path [/**] onto handler of type [class org.springframework.web.servlet.resource.ResourceHttpRequestHandler]
2016-12-22 12:01:44.855  INFO 3316 --- [main] o.s.w.s.handler.SimpleUrlHandlerMapping  : Mapped URL path [/**/favicon.ico] onto handler of type [class org.springframework.web.servlet.resource.ResourceHttpRequestHandler]
2016-12-22 12:01:44.996  INFO 3316 --- [main] o.s.j.e.a.AnnotationMBeanExporter        : Registering beans for JMX exposure on startup
2016-12-22 12:01:45.074  INFO 3316 --- [main] s.b.c.e.t.TomcatEmbeddedServletContainer : Tomcat started on port(s): 8080 (http)
2016-12-22 12:01:45.089  INFO 3316 --- [main] com.hsbclogger.HsbcloggingApplication    : Started HsbcloggingApplication in 2.751 seconds (JVM running for 3.266)
2016-12-22 12:01:52.314  INFO 3316 --- [http-nio-8080-exec-1] o.a.c.c.C.[Tomcat].[localhost].[/]       : Initializing Spring FrameworkServlet 'dispatcherServlet'
2016-12-22 12:01:52.314  INFO 3316 --- [http-nio-8080-exec-1] o.s.web.servlet.DispatcherServlet        : FrameworkServlet 'dispatcherServlet': initialization started
2016-12-22 12:01:52.332  INFO 3316 --- [http-nio-8080-exec-1] o.s.web.servlet.DispatcherServlet        : FrameworkServlet 'dispatcherServlet': initialization completed in 17 ms
2016-12-22 12:01:52.364  INFO 3316 --- [http-nio-8080-exec-1] com.logger.controller.LoggerController   : APPLOG->|datetime:20161222120152362+0530|hostname:MNGNET342487D/10.95.155.10|threadId:24-http-nio-8080-exec-1(main)|userId:null|correlationId:null|className:com.logger.controller.LoggerController|logMessage:Inside sayHello! info
2016-12-22 12:01:52.364  WARN 3316 --- [http-nio-8080-exec-1] com.logger.controller.LoggerController   : APPLOG->|datetime:20161222120152364+0530|hostname:MNGNET342487D/10.95.155.10|threadId:24-http-nio-8080-exec-1(main)|userId:null|correlationId:null|className:com.logger.controller.LoggerController|logMessage:Inside sayHello! warni
2016-12-22 12:03:55.543  INFO 3316 --- [RMI TCP Connection(2)-10.95.155.10] inMXBeanRegistrar$SpringApplicationAdmin : Application shutdown requested.
2016-12-22 12:03:55.543  INFO 3316 --- [RMI TCP Connection(2)-10.95.155.10] ationConfigEmbeddedWebApplicationContext : Closing org.springframework.boot.context.embedded.AnnotationConfigEmbeddedWebApplicationContext@4fabc8: startup date [Thu Dec 22 12:01:42 IST 2016]; root of context hierarchy
2016-12-22 12:03:55.544  INFO 3316 --- [RMI TCP Connection(2)-10.95.155.10] o.s.j.e.a.AnnotationMBeanExporter        : Unregistering JMX-exposed beans on shutdown
